# JRE version: OpenJDK Runtime Environment Microsoft-8035246 (17.0.8+7) (build 17.0.8+7-LTS)
# Java VM: OpenJDK 64-Bit Server VM Microsoft-8035246 (17.0.8+7-LTS, mixed mode, sharing, tiered, compressed oops, compressed class ptrs, g1 gc, windows-amd64)
GC Precious Log:
 CPUs: 12 total, 12 available
 Memory: 7886M
 Large Page Support: Disabled
 NUMA Support: Disabled
 Compressed Oops: Enabled (32-bit)
 Heap Region Size: 1M
 Heap Min Capacity: 8M
 Heap Initial Capacity: 124M
 Heap Max Capacity: 2G
 Pre-touch: Disabled
 Parallel Workers: 10
 Concurrent Workers: 3
 Concurrent Refinement Workers: 10
 Periodic GC: Disabled
Heap:
 garbage-first heap   total 318464K, used 200445K [0x0000000080000000, 0x0000000100000000)
  region size 1024K, 28 young (28672K), 9 survivors (9216K)
 Metaspace       used 104111K, committed 105280K, reserved 557056K
  class space    used 14544K, committed 15104K, reserved 425984K
GC Heap History (20 events):
Event: 25.365 GC heap before
{Heap before GC invocations=38 (full 0):
 garbage-first heap   total 256000K, used 185618K [0x0000000080000000, 0x0000000100000000)
  region size 1024K, 96 young (98304K), 6 survivors (6144K)
 Metaspace       used 88672K, committed 89408K, reserved 557056K
  class space    used 12443K, committed 12800K, reserved 425984K
}
Event: 25.378 GC heap after
{Heap after GC invocations=39 (full 0):
 garbage-first heap   total 256000K, used 95345K [0x0000000080000000, 0x0000000100000000)
  region size 1024K, 9 young (9216K), 9 survivors (9216K)
 Metaspace       used 88672K, committed 89408K, reserved 557056K
  class space    used 12443K, committed 12800K, reserved 425984K
}
Event: 26.965 GC heap before
{Heap before GC invocations=39 (full 0):
 garbage-first heap   total 256000K, used 192625K [0x0000000080000000, 0x0000000100000000)
  region size 1024K, 104 young (106496K), 9 survivors (9216K)
 Metaspace       used 92725K, committed 93568K, reserved 557056K
  class space    used 13047K, committed 13440K, reserved 425984K
}
Event: 26.987 GC heap after
{Heap after GC invocations=40 (full 0):
 garbage-first heap   total 256000K, used 105553K [0x0000000080000000, 0x0000000100000000)
  region size 1024K, 13 young (13312K), 13 survivors (13312K)
 Metaspace       used 92725K, committed 93568K, reserved 557056K
  class space    used 13047K, committed 13440K, reserved 425984K
}
Event: 29.219 GC heap before
{Heap before GC invocations=40 (full 0):
 garbage-first heap   total 256000K, used 206929K [0x0000000080000000, 0x0000000100000000)
  region size 1024K, 101 young (103424K), 13 survivors (13312K)
 Metaspace       used 94947K, committed 95936K, reserved 557056K
  class space    used 13254K, committed 13696K, reserved 425984K
}
Event: 29.246 GC heap after
{Heap after GC invocations=41 (full 0):
 garbage-first heap   total 256000K, used 137582K [0x0000000080000000, 0x0000000100000000)
  region size 1024K, 13 young (13312K), 13 survivors (13312K)
 Metaspace       used 94947K, committed 95936K, reserved 557056K
  class space    used 13254K, committed 13696K, reserved 425984K
}
Event: 30.404 GC heap before
{Heap before GC invocations=41 (full 0):
 garbage-first heap   total 256000K, used 200046K [0x0000000080000000, 0x0000000100000000)
  region size 1024K, 72 young (73728K), 13 survivors (13312K)
 Metaspace       used 95528K, committed 96576K, reserved 557056K
  class space    used 13315K, committed 13760K, reserved 425984K
}
Event: 30.421 GC heap after
{Heap after GC invocations=42 (full 0):
 garbage-first heap   total 256000K, used 155473K [0x0000000080000000, 0x0000000100000000)
  region size 1024K, 9 young (9216K), 9 survivors (9216K)
 Metaspace       used 95528K, committed 96576K, reserved 557056K
  class space    used 13315K, committed 13760K, reserved 425984K
}
Event: 31.205 GC heap before
{Heap before GC invocations=42 (full 0):
 garbage-first heap   total 256000K, used 202577K [0x0000000080000000, 0x0000000100000000)
  region size 1024K, 55 young (56320K), 9 survivors (9216K)
 Metaspace       used 98775K, committed 99840K, reserved 557056K
  class space    used 13813K, committed 14272K, reserved 425984K
}
Event: 31.224 GC heap after
{Heap after GC invocations=43 (full 0):
 garbage-first heap   total 256000K, used 159030K [0x0000000080000000, 0x0000000100000000)
  region size 1024K, 3 young (3072K), 3 survivors (3072K)
 Metaspace       used 98775K, committed 99840K, reserved 557056K
  class space    used 13813K, committed 14272K, reserved 425984K
}
Event: 32.050 GC heap before
{Heap before GC invocations=43 (full 0):
 garbage-first heap   total 256000K, used 206134K [0x0000000080000000, 0x0000000100000000)
  region size 1024K, 49 young (50176K), 3 survivors (3072K)
 Metaspace       used 101358K, committed 102464K, reserved 557056K
  class space    used 14152K, committed 14656K, reserved 425984K
}
Event: 32.065 GC heap after
{Heap after GC invocations=44 (full 0):
 garbage-first heap   total 256000K, used 163191K [0x0000000080000000, 0x0000000100000000)
  region size 1024K, 7 young (7168K), 7 survivors (7168K)
 Metaspace       used 101358K, committed 102464K, reserved 557056K
  class space    used 14152K, committed 14656K, reserved 425984K
}
Event: 32.745 GC heap before
{Heap before GC invocations=44 (full 0):
 garbage-first heap   total 256000K, used 209271K [0x0000000080000000, 0x0000000100000000)
  region size 1024K, 52 young (53248K), 7 survivors (7168K)
 Metaspace       used 102228K, committed 103232K, reserved 557056K
  class space    used 14245K, committed 14720K, reserved 425984K
}
Event: 32.762 GC heap after
{Heap after GC invocations=45 (full 0):
 garbage-first heap   total 256000K, used 168574K [0x0000000080000000, 0x0000000100000000)
  region size 1024K, 6 young (6144K), 6 survivors (6144K)
 Metaspace       used 102228K, committed 103232K, reserved 557056K
  class space    used 14245K, committed 14720K, reserved 425984K
}
Event: 33.258 GC heap before
{Heap before GC invocations=45 (full 0):
 garbage-first heap   total 256000K, used 212606K [0x0000000080000000, 0x0000000100000000)
  region size 1024K, 49 young (50176K), 6 survivors (6144K)
 Metaspace       used 102785K, committed 103936K, reserved 557056K
  class space    used 14302K, committed 14848K, reserved 425984K
}
Event: 33.272 GC heap after
{Heap after GC invocations=46 (full 0):
 garbage-first heap   total 256000K, used 173240K [0x0000000080000000, 0x0000000100000000)
  region size 1024K, 5 young (5120K), 5 survivors (5120K)
 Metaspace       used 102785K, committed 103936K, reserved 557056K
  class space    used 14302K, committed 14848K, reserved 425984K
}
Event: 33.850 GC heap before
{Heap before GC invocations=46 (full 0):
 garbage-first heap   total 256000K, used 213176K [0x0000000080000000, 0x0000000100000000)
  region size 1024K, 45 young (46080K), 5 survivors (5120K)
 Metaspace       used 103701K, committed 104832K, reserved 557056K
  class space    used 14491K, committed 15040K, reserved 425984K
}
Event: 33.861 GC heap after
{Heap after GC invocations=47 (full 0):
 garbage-first heap   total 318464K, used 175844K [0x0000000080000000, 0x0000000100000000)
  region size 1024K, 3 young (3072K), 3 survivors (3072K)
 Metaspace       used 103701K, committed 104832K, reserved 557056K
  class space    used 14491K, committed 15040K, reserved 425984K
}
Event: 35.306 GC heap before
{Heap before GC invocations=47 (full 0):
 garbage-first heap   total 318464K, used 252644K [0x0000000080000000, 0x0000000100000000)
  region size 1024K, 79 young (80896K), 3 survivors (3072K)
 Metaspace       used 104109K, committed 105280K, reserved 557056K
  class space    used 14544K, committed 15104K, reserved 425984K
}
Event: 35.316 GC heap after
{Heap after GC invocations=48 (full 0):
 garbage-first heap   total 318464K, used 182013K [0x0000000080000000, 0x0000000100000000)
  region size 1024K, 9 young (9216K), 9 survivors (9216K)
 Metaspace       used 104109K, committed 105280K, reserved 557056K
  class space    used 14544K, committed 15104K, reserved 425984K
}

