# JRE version: OpenJDK Runtime Environment Microsoft-8035246 (17.0.8+7) (build 17.0.8+7-LTS)
# Java VM: OpenJDK 64-Bit Server VM Microsoft-8035246 (17.0.8+7-LTS, mixed mode, sharing, tiered, compressed oops, compressed class ptrs, g1 gc, windows-amd64)
GC Precious Log:
 CPUs: 12 total, 12 available
 Memory: 7886M
 Large Page Support: Disabled
 NUMA Support: Disabled
 Compressed Oops: Enabled (32-bit)
 Heap Region Size: 1M
 Heap Min Capacity: 8M
 Heap Initial Capacity: 124M
 Heap Max Capacity: 2G
 Pre-touch: Disabled
 Parallel Workers: 10
 Concurrent Workers: 3
 Concurrent Refinement Workers: 10
 Periodic GC: Disabled
Heap:
 garbage-first heap   total 234496K, used 193882K [0x0000000080000000, 0x0000000100000000)
  region size 1024K, 27 young (27648K), 3 survivors (3072K)
 Metaspace       used 98267K, committed 99200K, reserved 557056K
  class space    used 13799K, committed 14272K, reserved 425984K
GC Heap History (20 events):
Event: 43.766 GC heap before
{Heap before GC invocations=55 (full 0):
 garbage-first heap   total 189440K, used 154092K [0x0000000080000000, 0x0000000100000000)
  region size 1024K, 27 young (27648K), 5 survivors (5120K)
 Metaspace       used 88770K, committed 89664K, reserved 557056K
  class space    used 12465K, committed 12864K, reserved 425984K
}
Event: 43.776 GC heap after
{Heap after GC invocations=56 (full 0):
 garbage-first heap   total 189440K, used 139264K [0x0000000080000000, 0x0000000100000000)
  region size 1024K, 4 young (4096K), 4 survivors (4096K)
 Metaspace       used 88770K, committed 89664K, reserved 557056K
  class space    used 12465K, committed 12864K, reserved 425984K
}
Event: 44.086 GC heap before
{Heap before GC invocations=56 (full 0):
 garbage-first heap   total 189440K, used 157696K [0x0000000080000000, 0x0000000100000000)
  region size 1024K, 22 young (22528K), 4 survivors (4096K)
 Metaspace       used 89315K, committed 90176K, reserved 557056K
  class space    used 12530K, committed 12928K, reserved 425984K
}
Event: 44.095 GC heap after
{Heap after GC invocations=57 (full 0):
 garbage-first heap   total 189440K, used 141159K [0x0000000080000000, 0x0000000100000000)
  region size 1024K, 3 young (3072K), 3 survivors (3072K)
 Metaspace       used 89315K, committed 90176K, reserved 557056K
  class space    used 12530K, committed 12928K, reserved 425984K
}
Event: 44.428 GC heap before
{Heap before GC invocations=57 (full 0):
 garbage-first heap   total 189440K, used 158567K [0x0000000080000000, 0x0000000100000000)
  region size 1024K, 20 young (20480K), 3 survivors (3072K)
 Metaspace       used 90394K, committed 91264K, reserved 557056K
  class space    used 12676K, committed 13120K, reserved 425984K
}
Event: 44.436 GC heap after
{Heap after GC invocations=58 (full 0):
 garbage-first heap   total 234496K, used 142308K [0x0000000080000000, 0x0000000100000000)
  region size 1024K, 1 young (1024K), 1 survivors (1024K)
 Metaspace       used 90394K, committed 91264K, reserved 557056K
  class space    used 12676K, committed 13120K, reserved 425984K
}
Event: 45.625 GC heap before
{Heap before GC invocations=58 (full 0):
 garbage-first heap   total 234496K, used 189412K [0x0000000080000000, 0x0000000100000000)
  region size 1024K, 47 young (48128K), 1 survivors (1024K)
 Metaspace       used 94036K, committed 94976K, reserved 557056K
  class space    used 13217K, committed 13696K, reserved 425984K
}
Event: 45.633 GC heap after
{Heap after GC invocations=59 (full 0):
 garbage-first heap   total 234496K, used 144919K [0x0000000080000000, 0x0000000100000000)
  region size 1024K, 4 young (4096K), 4 survivors (4096K)
 Metaspace       used 94036K, committed 94976K, reserved 557056K
  class space    used 13217K, committed 13696K, reserved 425984K
}
Event: 46.503 GC heap before
{Heap before GC invocations=59 (full 0):
 garbage-first heap   total 234496K, used 192023K [0x0000000080000000, 0x0000000100000000)
  region size 1024K, 50 young (51200K), 4 survivors (4096K)
 Metaspace       used 95986K, committed 96896K, reserved 557056K
  class space    used 13466K, committed 13952K, reserved 425984K
}
Event: 46.516 GC heap after
{Heap after GC invocations=60 (full 0):
 garbage-first heap   total 234496K, used 148824K [0x0000000080000000, 0x0000000100000000)
  region size 1024K, 7 young (7168K), 7 survivors (7168K)
 Metaspace       used 95986K, committed 96896K, reserved 557056K
  class space    used 13466K, committed 13952K, reserved 425984K
}
Event: 47.235 GC heap before
{Heap before GC invocations=60 (full 0):
 garbage-first heap   total 234496K, used 193880K [0x0000000080000000, 0x0000000100000000)
  region size 1024K, 51 young (52224K), 7 survivors (7168K)
 Metaspace       used 96655K, committed 97600K, reserved 557056K
  class space    used 13525K, committed 14016K, reserved 425984K
}
Event: 47.250 GC heap after
{Heap after GC invocations=61 (full 0):
 garbage-first heap   total 234496K, used 154391K [0x0000000080000000, 0x0000000100000000)
  region size 1024K, 6 young (6144K), 6 survivors (6144K)
 Metaspace       used 96655K, committed 97600K, reserved 557056K
  class space    used 13525K, committed 14016K, reserved 425984K
}
Event: 47.825 GC heap before
{Heap before GC invocations=61 (full 0):
 garbage-first heap   total 234496K, used 194327K [0x0000000080000000, 0x0000000100000000)
  region size 1024K, 46 young (47104K), 6 survivors (6144K)
 Metaspace       used 97610K, committed 98560K, reserved 557056K
  class space    used 13736K, committed 14208K, reserved 425984K
}
Event: 47.836 GC heap after
{Heap after GC invocations=62 (full 0):
 garbage-first heap   total 234496K, used 157504K [0x0000000080000000, 0x0000000100000000)
  region size 1024K, 4 young (4096K), 4 survivors (4096K)
 Metaspace       used 97610K, committed 98560K, reserved 557056K
  class space    used 13736K, committed 14208K, reserved 425984K
}
Event: 48.823 GC heap before
{Heap before GC invocations=62 (full 0):
 garbage-first heap   total 234496K, used 195392K [0x0000000080000000, 0x0000000100000000)
  region size 1024K, 42 young (43008K), 4 survivors (4096K)
 Metaspace       used 98087K, committed 99008K, reserved 557056K
  class space    used 13795K, committed 14272K, reserved 425984K
}
Event: 48.837 GC heap after
{Heap after GC invocations=63 (full 0):
 garbage-first heap   total 234496K, used 161257K [0x0000000080000000, 0x0000000100000000)
  region size 1024K, 6 young (6144K), 6 survivors (6144K)
 Metaspace       used 98087K, committed 99008K, reserved 557056K
  class space    used 13795K, committed 14272K, reserved 425984K
}
Event: 49.800 GC heap before
{Heap before GC invocations=63 (full 0):
 garbage-first heap   total 234496K, used 197097K [0x0000000080000000, 0x0000000100000000)
  region size 1024K, 42 young (43008K), 6 survivors (6144K)
 Metaspace       used 98209K, committed 99200K, reserved 557056K
  class space    used 13796K, committed 14272K, reserved 425984K
}
Event: 49.813 GC heap after
{Heap after GC invocations=64 (full 0):
 garbage-first heap   total 234496K, used 164160K [0x0000000080000000, 0x0000000100000000)
  region size 1024K, 3 young (3072K), 3 survivors (3072K)
 Metaspace       used 98209K, committed 99200K, reserved 557056K
  class space    used 13796K, committed 14272K, reserved 425984K
}
Event: 51.563 GC heap before
{Heap before GC invocations=64 (full 0):
 garbage-first heap   total 234496K, used 197952K [0x0000000080000000, 0x0000000100000000)
  region size 1024K, 37 young (37888K), 3 survivors (3072K)
 Metaspace       used 98223K, committed 99200K, reserved 557056K
  class space    used 13797K, committed 14272K, reserved 425984K
}
Event: 51.570 GC heap after
{Heap after GC invocations=65 (full 0):
 garbage-first heap   total 234496K, used 166234K [0x0000000080000000, 0x0000000100000000)
  region size 1024K, 3 young (3072K), 3 survivors (3072K)
 Metaspace       used 98223K, committed 99200K, reserved 557056K
  class space    used 13797K, committed 14272K, reserved 425984K
}

